Message[310] C:\PROGRAM FILES (X86)\MICROCHIP\MPLABX\V3.30\MPASMX\P16F1824.INC 2361 : Superseding current maximum RAM and RAM map.
Warning[207] D:\DPC_MONITOR\1MP_LAB\SENSORS_MPL\TRASH\AN_1310.X_FAIL\SRC\PIC16 BOOTLOADER.ASM 250 : Found label after column 1. (B2toB1)
Message[303] D:\DPC_MONITOR\1MP_LAB\SENSORS_MPL\TRASH\AN_1310.X_FAIL\SRC\PIC16 BOOTLOADER.ASM 680 : Program word too large.  Truncated to core size. (8E20)
Warning[207] D:\DPC_MONITOR\1MP_LAB\SENSORS_MPL\TRASH\AN_1310.X_FAIL\SRC\PIC16 BOOTLOADER.ASM 1079 : Found label after column 1. (WaitForTxToComplete)
Warning[203] D:\DPC_MONITOR\1MP_LAB\SENSORS_MPL\TRASH\AN_1310.X_FAIL\SRC\PIC16 BOOTLOADER.ASM 1146 : Found opcode in column 1. (movlw)
Warning[203] D:\DPC_MONITOR\1MP_LAB\SENSORS_MPL\TRASH\AN_1310.X_FAIL\SRC\PIC16 BOOTLOADER.ASM 1147 : Found opcode in column 1. (movwf)
Warning[219] D:\DPC_MONITOR\1MP_LAB\SENSORS_MPL\TRASH\AN_1310.X_FAIL\SRC\PIC16 BOOTLOADER.ASM 1147 : Invalid RAM location specified.
Warning[203] D:\DPC_MONITOR\1MP_LAB\SENSORS_MPL\TRASH\AN_1310.X_FAIL\SRC\PIC16 BOOTLOADER.ASM 1149 : Found opcode in column 1. (movlw)
Warning[203] D:\DPC_MONITOR\1MP_LAB\SENSORS_MPL\TRASH\AN_1310.X_FAIL\SRC\PIC16 BOOTLOADER.ASM 1150 : Found opcode in column 1. (movwf)
Warning[219] D:\DPC_MONITOR\1MP_LAB\SENSORS_MPL\TRASH\AN_1310.X_FAIL\SRC\PIC16 BOOTLOADER.ASM 1150 : Invalid RAM location specified.
Warning[203] D:\DPC_MONITOR\1MP_LAB\SENSORS_MPL\TRASH\AN_1310.X_FAIL\SRC\PIC16 BOOTLOADER.ASM 1152 : Found opcode in column 1. (decfsz)
Warning[219] D:\DPC_MONITOR\1MP_LAB\SENSORS_MPL\TRASH\AN_1310.X_FAIL\SRC\PIC16 BOOTLOADER.ASM 1152 : Invalid RAM location specified.
Warning[203] D:\DPC_MONITOR\1MP_LAB\SENSORS_MPL\TRASH\AN_1310.X_FAIL\SRC\PIC16 BOOTLOADER.ASM 1153 : Found opcode in column 1. (bra)
Warning[203] D:\DPC_MONITOR\1MP_LAB\SENSORS_MPL\TRASH\AN_1310.X_FAIL\SRC\PIC16 BOOTLOADER.ASM 1154 : Found opcode in column 1. (decfsz)
Warning[219] D:\DPC_MONITOR\1MP_LAB\SENSORS_MPL\TRASH\AN_1310.X_FAIL\SRC\PIC16 BOOTLOADER.ASM 1154 : Invalid RAM location specified.
Warning[203] D:\DPC_MONITOR\1MP_LAB\SENSORS_MPL\TRASH\AN_1310.X_FAIL\SRC\PIC16 BOOTLOADER.ASM 1155 : Found opcode in column 1. (bra)
Warning[203] D:\DPC_MONITOR\1MP_LAB\SENSORS_MPL\TRASH\AN_1310.X_FAIL\SRC\PIC16 BOOTLOADER.ASM 1156 : Found opcode in column 1. (return)
Warning[203] D:\DPC_MONITOR\1MP_LAB\SENSORS_MPL\TRASH\AN_1310.X_FAIL\SRC\PIC16 BOOTLOADER.ASM 1165 : Found opcode in column 1. (call)
Warning[203] D:\DPC_MONITOR\1MP_LAB\SENSORS_MPL\TRASH\AN_1310.X_FAIL\SRC\PIC16 BOOTLOADER.ASM 1166 : Found opcode in column 1. (call)
Warning[203] D:\DPC_MONITOR\1MP_LAB\SENSORS_MPL\TRASH\AN_1310.X_FAIL\SRC\PIC16 BOOTLOADER.ASM 1167 : Found opcode in column 1. (call)
Warning[203] D:\DPC_MONITOR\1MP_LAB\SENSORS_MPL\TRASH\AN_1310.X_FAIL\SRC\PIC16 BOOTLOADER.ASM 1168 : Found opcode in column 1. (call)
Warning[203] D:\DPC_MONITOR\1MP_LAB\SENSORS_MPL\TRASH\AN_1310.X_FAIL\SRC\PIC16 BOOTLOADER.ASM 1169 : Found opcode in column 1. (call)
Warning[203] D:\DPC_MONITOR\1MP_LAB\SENSORS_MPL\TRASH\AN_1310.X_FAIL\SRC\PIC16 BOOTLOADER.ASM 1170 : Found opcode in column 1. (call)
Warning[203] D:\DPC_MONITOR\1MP_LAB\SENSORS_MPL\TRASH\AN_1310.X_FAIL\SRC\PIC16 BOOTLOADER.ASM 1171 : Found opcode in column 1. (call)
Warning[203] D:\DPC_MONITOR\1MP_LAB\SENSORS_MPL\TRASH\AN_1310.X_FAIL\SRC\PIC16 BOOTLOADER.ASM 1172 : Found opcode in column 1. (call)
Warning[203] D:\DPC_MONITOR\1MP_LAB\SENSORS_MPL\TRASH\AN_1310.X_FAIL\SRC\PIC16 BOOTLOADER.ASM 1173 : Found opcode in column 1. (call)
Warning[203] D:\DPC_MONITOR\1MP_LAB\SENSORS_MPL\TRASH\AN_1310.X_FAIL\SRC\PIC16 BOOTLOADER.ASM 1174 : Found opcode in column 1. (call)
Warning[203] D:\DPC_MONITOR\1MP_LAB\SENSORS_MPL\TRASH\AN_1310.X_FAIL\SRC\PIC16 BOOTLOADER.ASM 1175 : Found opcode in column 1. (call)
Warning[203] D:\DPC_MONITOR\1MP_LAB\SENSORS_MPL\TRASH\AN_1310.X_FAIL\SRC\PIC16 BOOTLOADER.ASM 1176 : Found opcode in column 1. (call)
Warning[203] D:\DPC_MONITOR\1MP_LAB\SENSORS_MPL\TRASH\AN_1310.X_FAIL\SRC\PIC16 BOOTLOADER.ASM 1181 : Found opcode in column 1. (call)
Warning[203] D:\DPC_MONITOR\1MP_LAB\SENSORS_MPL\TRASH\AN_1310.X_FAIL\SRC\PIC16 BOOTLOADER.ASM 1182 : Found opcode in column 1. (call)
Warning[203] D:\DPC_MONITOR\1MP_LAB\SENSORS_MPL\TRASH\AN_1310.X_FAIL\SRC\PIC16 BOOTLOADER.ASM 1183 : Found opcode in column 1. (call)
Warning[203] D:\DPC_MONITOR\1MP_LAB\SENSORS_MPL\TRASH\AN_1310.X_FAIL\SRC\PIC16 BOOTLOADER.ASM 1184 : Found opcode in column 1. (call)
Warning[203] D:\DPC_MONITOR\1MP_LAB\SENSORS_MPL\TRASH\AN_1310.X_FAIL\SRC\PIC16 BOOTLOADER.ASM 1185 : Found opcode in column 1. (call)
Warning[203] D:\DPC_MONITOR\1MP_LAB\SENSORS_MPL\TRASH\AN_1310.X_FAIL\SRC\PIC16 BOOTLOADER.ASM 1186 : Found opcode in column 1. (call)
Warning[203] D:\DPC_MONITOR\1MP_LAB\SENSORS_MPL\TRASH\AN_1310.X_FAIL\SRC\PIC16 BOOTLOADER.ASM 1187 : Found opcode in column 1. (call)
Warning[203] D:\DPC_MONITOR\1MP_LAB\SENSORS_MPL\TRASH\AN_1310.X_FAIL\SRC\PIC16 BOOTLOADER.ASM 1188 : Found opcode in column 1. (call)
Warning[203] D:\DPC_MONITOR\1MP_LAB\SENSORS_MPL\TRASH\AN_1310.X_FAIL\SRC\PIC16 BOOTLOADER.ASM 1189 : Found opcode in column 1. (call)
Warning[203] D:\DPC_MONITOR\1MP_LAB\SENSORS_MPL\TRASH\AN_1310.X_FAIL\SRC\PIC16 BOOTLOADER.ASM 1190 : Found opcode in column 1. (call)
Warning[203] D:\DPC_MONITOR\1MP_LAB\SENSORS_MPL\TRASH\AN_1310.X_FAIL\SRC\PIC16 BOOTLOADER.ASM 1191 : Found opcode in column 1. (call)
Warning[203] D:\DPC_MONITOR\1MP_LAB\SENSORS_MPL\TRASH\AN_1310.X_FAIL\SRC\PIC16 BOOTLOADER.ASM 1192 : Found opcode in column 1. (call)
Warning[203] D:\DPC_MONITOR\1MP_LAB\SENSORS_MPL\TRASH\AN_1310.X_FAIL\SRC\PIC16 BOOTLOADER.ASM 1199 : Found opcode in column 1. (bra)
